#
# A fatal error has been detected by the Java Runtime Environment:
#
#  Internal Error (c:/jenkins/workspace/zulu13-build-win64/zulu-src/src/hotspot/share/interpreter/oopMapCache.cpp:110), pid=178944, tid=178536
#  Error: ShouldNotReachHere()
#
# JRE version: OpenJDK Runtime Environment 
(Zulu13.29+9-CA) (13.0.2+6) (build 13.0.2+6-MTS)
# Java VM: OpenJDK 64-Bit Server VM (13.0.2+6-MTS, mixed mode, sharing, tiered, compressed oops, g1 gc, windows-amd64)
# No core dump will be written. Minidumps are not enabled by default on client versions of Windows
#
# If you would like to submit a bug report, please visit:
#   http://www.azulsystems.com/support/
#

---------------  S U M M A R Y ------------

Command Line: -agentlib:jdwp=transport=dt_socket,suspend=y,address=localhost:63427 -javaagent:C:\Work\Softwares\eclipse-jee-2019-06-R-win32-x86_64\eclipse\configuration\org.eclipse.osgi\411\0\.cp\lib\javaagent-shaded.jar -Dfile.encoding=UTF-8 com.experian.resultupdation.ResultUpdationProjectApplication

Host: Intel(R) Xeon(R) Gold 6240 CPU @ 2.60GHz, 3 cores, 11G,  Windows 10 , 64 bit Build 17763 (10.0.17763.475)
Time: Fri Feb  5 23:28:18 2021 India Standard Time elapsed time: 154 seconds (0d 0h 2m 34s)

---------------  T H R E A D  ---------------

Current thread (0x0000018f51aab800):  JavaThread "JDWP Transport Listener: dt_socket" daemon [_thread_in_vm, id=178536, stack(0x0000001586400000,0x0000001586500000)] _threads_hazard_ptr=0x0000018f5452b0c0

Stack: [0x0000001586400000,0x0000001586500000]
Native frames: (J=compiled Java code, j=interpreted, Vv=VM code, C=native code)
V  [jvm.dll+0x62b56a]
V  [jvm.dll+0x7d463a]
V  [jvm.dll+0x7d5def]
V  [jvm.dll+0x7d63a7]
V  [jvm.dll+0x24d7cc]
V  [jvm.dll+0x24d733]
V  [jvm.dll+0x61a7df]
V  [jvm.dll+0x61a53d]
V  [jvm.dll+0x5e06a3]
V  [jvm.dll+0x7cbd4f]
V  [jvm.dll+0x4f8d06]
V  [jvm.dll+0x7db04d]
V  [jvm.dll+0x4dedde]
V  [jvm.dll+0x4a35f0]
C  [jdwp.dll+0x751f]


---------------  P R O C E S S  ---------------

Threads class SMR info:
_java_thread_list=0x0000018f5452b0c0, length=34, elements={
0x0000018f302b1000, 0x0000018f302b7000, 0x0000018f302cd000, 0x0000018f302ce000,
0x0000018f518e3800, 0x0000018f5191a000, 0x0000018f5195a800, 0x0000018f518e1000,
0x0000018f51aab800, 0x0000018f51aae800, 0x0000018f51a6a800, 0x0000018f51c5e800,
0x0000018f54eea000, 0x0000018f54ae0000, 0x0000018f56a7d000, 0x0000018f54832000,
0x0000018f54436000, 0x0000018f57a5c800, 0x0000018f538ed800, 0x0000018f548a1800,
0x0000018f54b4e000, 0x0000018f579cd800, 0x0000018f54a38000, 0x0000018f54a32800,
0x0000018f54a39000, 0x0000018f54a33000, 0x0000018f54a35800, 0x0000018f54a34800,
0x0000018f54a37000, 0x0000018f54a36800, 0x0000018f54afe800, 0x0000018f54b00000,
0x0000018f54afa800, 0x0000018f54b01000
}

Java Threads: ( => current thread )
  0x0000018f302b1000 JavaThread "Reference Handler" daemon [_thread_blocked, id=63324, stack(0x0000001585c00000,0x0000001585d00000)]
  0x0000018f302b7000 JavaThread "Finalizer" daemon [_thread_blocked, id=33664, stack(0x0000001585d00000,0x0000001585e00000)]
  0x0000018f302cd000 JavaThread "Signal Dispatcher" daemon [_thread_blocked, id=49672, stack(0x0000001585e00000,0x0000001585f00000)]
  0x0000018f302ce000 JavaThread "Attach Listener" daemon [_thread_blocked, id=51636, stack(0x0000001585f00000,0x0000001586000000)]
  0x0000018f518e3800 JavaThread "C2 CompilerThread0" daemon [_thread_blocked, id=7100, stack(0x0000001586000000,0x0000001586100000)]
  0x0000018f5191a000 JavaThread "C1 CompilerThread0" daemon [_thread_blocked, id=172764, stack(0x0000001586100000,0x0000001586200000)]
  0x0000018f5195a800 JavaThread "Sweeper thread" daemon [_thread_blocked, id=178868, stack(0x0000001586200000,0x0000001586300000)]
  0x0000018f518e1000 JavaThread "Common-Cleaner" daemon [_thread_blocked, id=159324, stack(0x0000001586300000,0x0000001586400000)]
=>0x0000018f51aab800 JavaThread "JDWP Transport Listener: dt_socket" daemon [_thread_in_vm, id=178536, stack(0x0000001586400000,0x0000001586500000)] _threads_hazard_ptr=0x0000018f5452b0c0
  0x0000018f51aae800 JavaThread "JDWP Event Helper Thread" daemon [_thread_blocked, id=177640, stack(0x0000001586500000,0x0000001586600000)]
  0x0000018f51a6a800 JavaThread "JDWP Command Reader" daemon [_thread_in_native, id=18788, stack(0x0000001586600000,0x0000001586700000)]
  0x0000018f51c5e800 JavaThread "Service Thread" daemon [_thread_blocked, id=139868, stack(0x0000001586700000,0x0000001586800000)]
  0x0000018f54eea000 JavaThread "Catalina-utility-1" [_thread_blocked, id=177232, stack(0x0000001586b00000,0x0000001586c00000)]
  0x0000018f54ae0000 JavaThread "Catalina-utility-2" [_thread_blocked, id=170096, stack(0x0000001586c00000,0x0000001586d00000)]
  0x0000018f56a7d000 JavaThread "container-0" [_thread_blocked, id=173968, stack(0x0000001586d00000,0x0000001586e00000)]
  0x0000018f54832000 JavaThread "http-nio-8084-BlockPoller" daemon [_thread_in_native, id=173256, stack(0x0000001586e00000,0x0000001586f00000)]
  0x0000018f54436000 JavaThread "http-nio-8084-exec-1" daemon [_thread_blocked, id=174224, stack(0x0000001586f00000,0x0000001587000000)]
  0x0000018f57a5c800 JavaThread "http-nio-8084-exec-2" daemon [_thread_blocked, id=173560, stack(0x0000001587000000,0x0000001587100000)]
  0x0000018f538ed800 JavaThread "http-nio-8084-exec-3" daemon [_thread_blocked, id=171920, stack(0x0000001587100000,0x0000001587200000)]
  0x0000018f548a1800 JavaThread "http-nio-8084-exec-4" daemon [_thread_blocked, id=94536, stack(0x0000001587200000,0x0000001587300000)]
  0x0000018f54b4e000 JavaThread "http-nio-8084-exec-5" daemon [_thread_blocked, id=173456, stack(0x0000001587300000,0x0000001587400000)]
  0x0000018f579cd800 JavaThread "http-nio-8084-exec-6" daemon [_thread_blocked, id=174228, stack(0x0000001587400000,0x0000001587500000)]
  0x0000018f54a38000 JavaThread "http-nio-8084-exec-7" daemon [_thread_blocked, id=177028, stack(0x0000001587500000,0x0000001587600000)]
  0x0000018f54a32800 JavaThread "http-nio-8084-exec-8" daemon [_thread_blocked, id=162896, stack(0x0000001587600000,0x0000001587700000)]
  0x0000018f54a39000 JavaThread "http-nio-8084-exec-9" daemon [_thread_blocked, id=143488, stack(0x0000001587700000,0x0000001587800000)]
  0x0000018f54a33000 JavaThread "http-nio-8084-exec-10" daemon [_thread_blocked, id=62644, stack(0x0000001587800000,0x0000001587900000)]
  0x0000018f54a35800 JavaThread "http-nio-8084-ClientPoller" daemon [_thread_in_native, id=95024, stack(0x0000001587900000,0x0000001587a00000)]
  0x0000018f54a34800 JavaThread "http-nio-8084-Acceptor" daemon [_thread_in_native, id=178828, stack(0x0000001587a00000,0x0000001587b00000)]
  0x0000018f54a37000 JavaThread "DestroyJavaVM" [_thread_blocked, id=173592, stack(0x0000001585500000,0x0000001585600000)]
  0x0000018f54a36800 JavaThread "mysql-cj-abandoned-connection-cleanup" daemon [_thread_blocked, id=36620, stack(0x0000001587b00000,0x0000001587c00000)]
  0x0000018f54afe800 JavaThread "reader" daemon [_thread_in_native, id=138748, stack(0x0000001587e00000,0x0000001587f00000)]
  0x0000018f54b00000 JavaThread "sftp reader" daemon [_thread_blocked, id=178480, stack(0x0000001587f00000,0x0000001588000000)]
  0x0000018f54afa800 JavaThread "reader" daemon [_thread_in_native, id=157376, stack(0x0000001588000000,0x0000001588100000)]
  0x0000018f54b01000 JavaThread "sftp reader" daemon [_thread_blocked, id=52504, stack(0x0000001588100000,0x0000001588200000)]

Other Threads:
  0x0000018f302aa800 VMThread "VM Thread" [stack: 0x0000001585b00000,0x0000001585c00000] [id=174928]
  0x0000018f52390800 WatcherThread [stack: 0x0000001586800000,0x0000001586900000] [id=50400]
  0x0000018f30426000 GCTaskThread "GC Thread#0" [stack: 0x0000001585600000,0x0000001585700000] [id=174792]
  0x0000018f52396800 GCTaskThread "GC Thread#1" [stack: 0x0000001586900000,0x0000001586a00000] [id=178496]
  0x0000018f5243c800 GCTaskThread "GC Thread#2" [stack: 0x0000001586a00000,0x0000001586b00000] [id=169896]
  0x0000018f3042d800 ConcurrentGCThread "G1 Main Marker" [stack: 0x0000001585700000,0x0000001585800000] [id=178612]
  0x0000018f300e4000 ConcurrentGCThread "G1 Conc#0" [stack: 0x0000001585800000,0x0000001585900000] [id=53688]
  0x0000018f301a3800 ConcurrentGCThread "G1 Refine#0" [stack: 0x0000001585900000,0x0000001585a00000] [id=179196]
  0x0000018f301a5800 ConcurrentGCThread "G1 Young RemSet Sampling" [stack: 0x0000001585a00000,0x0000001585b00000] [id=161468]

Threads with active compile tasks:

VM state:not at safepoint (normal execution)

VM Mutex/Monitor currently owned by a thread: None

Heap address: 0x0000000740000000, size: 3072 MB, Compressed Oops mode: Zero based, Oop shift amount: 3
Narrow klass base: 0x0000000800000000, Narrow klass shift: 3
Compressed class space size: 1073741824 Address: 0x0000000800b50000

Heap:
 garbage-first heap   total 61440K, used 33997K [0x0000000740000000, 0x0000000800000000)
  region size 1024K, 20 young (20480K), 5 survivors (5120K)
 Metaspace       used 41896K, capacity 42946K, committed 43292K, reserved 1087488K
  class space    used 5169K, capacity 5572K, committed 5708K, reserved 1048576K
Heap Regions: E=young(eden), S=young(survivor), O=old, HS=humongous(starts), HC=humongous(continues), CS=collection set, F=free, A=archive, TAMS=top-at-mark-start (previous, next)
|   0|0x0000000740000000, 0x0000000740100000, 0x0000000740100000|100%| O|  |TAMS 0x0000000740100000, 0x0000000740000000| Untracked 
|   1|0x0000000740100000, 0x0000000740200000, 0x0000000740200000|100%| O|  |TAMS 0x0000000740200000, 0x0000000740100000| Untracked 
|   2|0x0000000740200000, 0x0000000740300000, 0x0000000740300000|100%| O|  |TAMS 0x0000000740300000, 0x0000000740200000| Untracked 
|   3|0x0000000740300000, 0x0000000740400000, 0x0000000740400000|100%| O|  |TAMS 0x0000000740400000, 0x0000000740300000| Untracked 
|   4|0x0000000740400000, 0x0000000740500000, 0x0000000740500000|100%| O|  |TAMS 0x0000000740500000, 0x0000000740400000| Untracked 
|   5|0x0000000740500000, 0x000000074056f200, 0x0000000740600000| 43%| O|  |TAMS 0x000000074056f200, 0x0000000740500000| Untracked 
|   6|0x0000000740600000, 0x0000000740700000, 0x0000000740700000|100%| O|  |TAMS 0x0000000740700000, 0x0000000740600000| Untracked 
|   7|0x0000000740700000, 0x0000000740800000, 0x0000000740800000|100%| O|  |TAMS 0x0000000740800000, 0x0000000740700000| Untracked 
|   8|0x0000000740800000, 0x0000000740900000, 0x0000000740900000|100%| O|  |TAMS 0x0000000740900000, 0x0000000740800000| Untracked 
|   9|0x0000000740900000, 0x0000000740a00000, 0x0000000740a00000|100%| O|  |TAMS 0x0000000740a00000, 0x0000000740900000| Untracked 
|  10|0x0000000740a00000, 0x0000000740b00000, 0x0000000740b00000|100%| O|  |TAMS 0x0000000740b00000, 0x0000000740a00000| Untracked 
|  11|0x0000000740b00000, 0x0000000740c00000, 0x0000000740c00000|100%| O|  |TAMS 0x0000000740c00000, 0x0000000740b00000| Untracked 
|  12|0x0000000740c00000, 0x0000000740cb5000, 0x0000000740d00000| 70%| O|  |TAMS 0x0000000740cb5000, 0x0000000740c00000| Untracked 
|  13|0x0000000740d00000, 0x0000000740e00000, 0x0000000740e00000|100%| O|  |TAMS 0x0000000740d00000, 0x0000000740d00000| Untracked 
|  14|0x0000000740e00000, 0x0000000740f00000, 0x0000000740f00000|100%| O|  |TAMS 0x0000000740e00000, 0x0000000740e00000| Untracked 
|  15|0x0000000740f00000, 0x0000000740f0f200, 0x0000000741000000|  5%| O|  |TAMS 0x0000000740f00000, 0x0000000740f00000| Untracked 
|  16|0x0000000741000000, 0x0000000741000000, 0x0000000741100000|  0%| F|  |TAMS 0x0000000741000000, 0x0000000741000000| Untracked 
|  17|0x0000000741100000, 0x0000000741100000, 0x0000000741200000|  0%| F|  |TAMS 0x0000000741100000, 0x0000000741100000| Untracked 
|  18|0x0000000741200000, 0x0000000741200000, 0x0000000741300000|  0%| F|  |TAMS 0x0000000741200000, 0x0000000741200000| Untracked 
|  19|0x0000000741300000, 0x0000000741400000, 0x0000000741400000|100%| S|CS|TAMS 0x0000000741300000, 0x0000000741300000| Complete 
|  20|0x0000000741400000, 0x0000000741500000, 0x0000000741500000|100%| S|CS|TAMS 0x0000000741400000, 0x0000000741400000| Complete 
|  21|0x0000000741500000, 0x0000000741600000, 0x0000000741600000|100%| S|CS|TAMS 0x0000000741500000, 0x0000000741500000| Complete 
|  22|0x0000000741600000, 0x0000000741700000, 0x0000000741700000|100%| S|CS|TAMS 0x0000000741600000, 0x0000000741600000| Complete 
|  23|0x0000000741700000, 0x0000000741800000, 0x0000000741800000|100%| S|CS|TAMS 0x0000000741700000, 0x0000000741700000| Complete 
|  24|0x0000000741800000, 0x0000000741800000, 0x0000000741900000|  0%| F|  |TAMS 0x0000000741800000, 0x0000000741800000| Untracked 
|  25|0x0000000741900000, 0x0000000741900000, 0x0000000741a00000|  0%| F|  |TAMS 0x0000000741900000, 0x0000000741900000| Untracked 
|  26|0x0000000741a00000, 0x0000000741a00000, 0x0000000741b00000|  0%| F|  |TAMS 0x0000000741a00000, 0x0000000741a00000| Untracked 
|  27|0x0000000741b00000, 0x0000000741b00000, 0x0000000741c00000|  0%| F|  |TAMS 0x0000000741b00000, 0x0000000741b00000| Untracked 
|  28|0x0000000741c00000, 0x0000000741c00000, 0x0000000741d00000|  0%| F|  |TAMS 0x0000000741c00000, 0x0000000741c00000| Untracked 
|  29|0x0000000741d00000, 0x0000000741d00000, 0x0000000741e00000|  0%| F|  |TAMS 0x0000000741d00000, 0x0000000741d00000| Untracked 
|  30|0x0000000741e00000, 0x0000000741e00000, 0x0000000741f00000|  0%| F|  |TAMS 0x0000000741e00000, 0x0000000741e00000| Untracked 
|  31|0x0000000741f00000, 0x0000000741f00000, 0x0000000742000000|  0%| F|  |TAMS 0x0000000741f00000, 0x0000000741f00000| Untracked 
|  32|0x0000000742000000, 0x0000000742000000, 0x0000000742100000|  0%| F|  |TAMS 0x0000000742000000, 0x0000000742000000| Untracked 
|  33|0x0000000742100000, 0x0000000742100000, 0x0000000742200000|  0%| F|  |TAMS 0x0000000742100000, 0x0000000742100000| Untracked 
|  34|0x0000000742200000, 0x0000000742200000, 0x0000000742300000|  0%| F|  |TAMS 0x0000000742200000, 0x0000000742200000| Untracked 
|  35|0x0000000742300000, 0x0000000742300000, 0x0000000742400000|  0%| F|  |TAMS 0x0000000742300000, 0x0000000742300000| Untracked 
|  36|0x0000000742400000, 0x0000000742400000, 0x0000000742500000|  0%| F|  |TAMS 0x0000000742400000, 0x0000000742400000| Untracked 
|  37|0x0000000742500000, 0x0000000742500000, 0x0000000742600000|  0%| F|  |TAMS 0x0000000742500000, 0x0000000742500000| Untracked 
|  38|0x0000000742600000, 0x0000000742600000, 0x0000000742700000|  0%| F|  |TAMS 0x0000000742600000, 0x0000000742600000| Untracked 
|  39|0x0000000742700000, 0x0000000742700000, 0x0000000742800000|  0%| F|  |TAMS 0x0000000742700000, 0x0000000742700000| Untracked 
|  40|0x0000000742800000, 0x0000000742800000, 0x0000000742900000|  0%| F|  |TAMS 0x0000000742800000, 0x0000000742800000| Untracked 
|  41|0x0000000742900000, 0x0000000742900000, 0x0000000742a00000|  0%| F|  |TAMS 0x0000000742900000, 0x0000000742900000| Untracked 
|  42|0x0000000742a00000, 0x0000000742a00000, 0x0000000742b00000|  0%| F|  |TAMS 0x0000000742a00000, 0x0000000742a00000| Untracked 
|  43|0x0000000742b00000, 0x0000000742b00000, 0x0000000742c00000|  0%| F|  |TAMS 0x0000000742b00000, 0x0000000742b00000| Untracked 
|  44|0x0000000742c00000, 0x0000000742c00000, 0x0000000742d00000|  0%| F|  |TAMS 0x0000000742c00000, 0x0000000742c00000| Untracked 
|  45|0x0000000742d00000, 0x0000000742d0cf90, 0x0000000742e00000|  5%| E|  |TAMS 0x0000000742d00000, 0x0000000742d00000| Complete 
|  46|0x0000000742e00000, 0x0000000742f00000, 0x0000000742f00000|100%| E|CS|TAMS 0x0000000742e00000, 0x0000000742e00000| Complete 
|  47|0x0000000742f00000, 0x0000000743000000, 0x0000000743000000|100%| E|CS|TAMS 0x0000000742f00000, 0x0000000742f00000| Complete 
|  48|0x0000000743000000, 0x0000000743100000, 0x0000000743100000|100%| E|CS|TAMS 0x0000000743000000, 0x0000000743000000| Complete 
|  49|0x0000000743100000, 0x0000000743200000, 0x0000000743200000|100%| E|CS|TAMS 0x0000000743100000, 0x0000000743100000| Complete 
|  50|0x0000000743200000, 0x0000000743300000, 0x0000000743300000|100%| E|CS|TAMS 0x0000000743200000, 0x0000000743200000| Complete 
|  51|0x0000000743300000, 0x0000000743400000, 0x0000000743400000|100%| E|CS|TAMS 0x0000000743300000, 0x0000000743300000| Complete 
|  52|0x0000000743400000, 0x0000000743500000, 0x0000000743500000|100%| E|CS|TAMS 0x0000000743400000, 0x0000000743400000| Complete 
|  53|0x0000000743500000, 0x0000000743600000, 0x0000000743600000|100%| E|CS|TAMS 0x0000000743500000, 0x0000000743500000| Complete 
|  54|0x0000000743600000, 0x0000000743700000, 0x0000000743700000|100%| E|CS|TAMS 0x0000000743600000, 0x0000000743600000| Complete 
|  75|0x0000000744b00000, 0x0000000744c00000, 0x0000000744c00000|100%| E|CS|TAMS 0x0000000744b00000, 0x0000000744b00000| Complete 
|  76|0x0000000744c00000, 0x0000000744d00000, 0x0000000744d00000|100%| E|CS|TAMS 0x0000000744c00000, 0x0000000744c00000| Complete 
|  77|0x0000000744d00000, 0x0000000744e00000, 0x0000000744e00000|100%| E|CS|TAMS 0x0000000744d00000, 0x0000000744d00000| Complete 
|  78|0x0000000744e00000, 0x0000000744f00000, 0x0000000744f00000|100%| E|CS|TAMS 0x0000000744e00000, 0x0000000744e00000| Complete 
| 230|0x000000074e600000, 0x000000074e700000, 0x000000074e700000|100%| E|CS|TAMS 0x000000074e600000, 0x000000074e600000| Complete 

Card table byte_map: [0x0000018f48130000,0x0000018f48730000] _byte_map_base: 0x0000018f44730000

Marking Bits (Prev, Next): (CMBitMap*) 0x0000018f30426d58, (CMBitMap*) 0x0000018f30426d98
 Prev Bits: [0x0000018f48d30000, 0x0000018f4bd30000)
 Next Bits: [0x0000018f4bd30000, 0x0000018f4ed30000)

Polling page: 0x0000018f2e040000

Metaspace:

Usage:
  Non-class:     36.50 MB capacity,    35.87 MB ( 98%) used,   516.73 KB (  1%) free+waste,   130.69 KB ( <1%) overhead. 
      Class:      5.44 MB capacity,     5.05 MB ( 93%) used,   342.01 KB (  6%) free+waste,    60.06 KB (  1%) overhead. 
       Both:     41.94 MB capacity,    40.91 MB ( 98%) used,   858.73 KB (  2%) free+waste,   190.75 KB ( <1%) overhead. 

Virtual space:
  Non-class space:       38.00 MB reserved,      36.70 MB ( 97%) committed 
      Class space:        1.00 GB reserved,       5.57 MB ( <1%) committed 
             Both:        1.04 GB reserved,      42.28 MB (  4%) committed 

Chunk freelists:
   Non-Class:  18.00 KB
       Class:  28.00 KB
        Both:  46.00 KB

MaxMetaspaceSize: 17179869184.00 GB
CompressedClassSpaceSize: 1.00 GB

CodeHeap 'non-profiled nmethods': size=120064Kb used=1494Kb max_used=1669Kb free=118569Kb
 bounds [0x0000018f405f0000, 0x0000018f40860000, 0x0000018f47b30000]
CodeHeap 'profiled nmethods': size=120000Kb used=8034Kb max_used=8591Kb free=111965Kb
 bounds [0x0000018f390c0000, 0x0000018f39950000, 0x0000018f405f0000]
CodeHeap 'non-nmethods': size=5696Kb used=1368Kb max_used=1391Kb free=4327Kb
 bounds [0x0000018f38b30000, 0x0000018f38da0000, 0x0000018f390c0000]
 total_blobs=5899 nmethods=3657 adapters=460
 compilation: enabled
              stopped_count=0, restarted_count=0
 full_count=0

Compilation events (20 events):
Event: 132.092 Thread 0x0000018f5191a000 4232       3       java.nio.channels.spi.AbstractSelector::end (5 bytes)
Event: 132.093 Thread 0x0000018f5191a000 nmethod 4232 0x0000018f39386e10 code [0x0000018f39387000, 0x0000018f393875b8]
Event: 132.093 Thread 0x0000018f5191a000 4233       3       sun.nio.ch.WindowsSelectorImpl$FinishLock::checkForException (51 bytes)
Event: 132.093 Thread 0x0000018f5191a000 nmethod 4233 0x0000018f391ef690 code [0x0000018f391ef8e0, 0x0000018f391f03e0]
Event: 132.093 Thread 0x0000018f5191a000 4234       3       sun.nio.ch.WindowsSelectorImpl::updateSelectedKeys (78 bytes)
Event: 132.093 Thread 0x0000018f5191a000 nmethod 4234 0x0000018f391eea90 code [0x0000018f391eeca0, 0x0000018f391ef3b0]
Event: 132.586 Thread 0x0000018f5191a000 4235       3       java.util.concurrent.locks.AbstractQueuedSynchronizer$ConditionObject::awaitNanos (181 bytes)
Event: 132.588 Thread 0x0000018f5191a000 nmethod 4235 0x0000018f394cde90 code [0x0000018f394ce2c0, 0x0000018f394d00e0]
Event: 132.592 Thread 0x0000018f5191a000 4236       1       org.apache.coyote.AbstractProtocol::access$000 (5 bytes)
Event: 132.592 Thread 0x0000018f5191a000 nmethod 4236 0x0000018f40755d10 code [0x0000018f40755ea0, 0x0000018f40755f98]
Event: 133.093 Thread 0x0000018f5191a000 4237       1       org.apache.tomcat.util.net.SocketProperties::getTimeoutInterval (5 bytes)
Event: 133.093 Thread 0x0000018f5191a000 nmethod 4237 0x0000018f4077db10 code [0x0000018f4077dca0, 0x0000018f4077ddd8]
Event: 133.815 Thread 0x0000018f5191a000 4238       3       java.util.concurrent.locks.ReentrantReadWriteLock::readLock (5 bytes)
Event: 133.815 Thread 0x0000018f5191a000 nmethod 4238 0x0000018f39461290 code [0x0000018f39461440, 0x0000018f394615f8]
Event: 133.816 Thread 0x0000018f5191a000 4239       1       org.apache.catalina.webresources.CachedResource::getNextCheck (5 bytes)
Event: 133.816 Thread 0x0000018f5191a000 nmethod 4239 0x0000018f4077d790 code [0x0000018f4077d920, 0x0000018f4077da58]
Event: 142.098 Thread 0x0000018f5191a000 4240       1       java.nio.channels.SelectionKey::attachment (5 bytes)
Event: 142.098 Thread 0x0000018f5191a000 nmethod 4240 0x0000018f4077d410 code [0x0000018f4077d5a0, 0x0000018f4077d6d8]
Event: 153.816 Thread 0x0000018f5191a000 4241       1       org.apache.catalina.valves.ValveBase::getNext (5 bytes)
Event: 153.816 Thread 0x0000018f5191a000 nmethod 4241 0x0000018f4077d090 code [0x0000018f4077d220, 0x0000018f4077d358]

GC Heap History (20 events):
Event: 1.043 GC heap before
{Heap before GC invocations=1 (full 0):
 garbage-first heap   total 196608K, used 11687K [0x0000000740000000, 0x0000000800000000)
  region size 1024K, 9 young (9216K), 2 survivors (2048K)
 Metaspace       used 4601K, capacity 5811K, committed 6016K, reserved 1056768K
  class space    used 469K, capacity 598K, committed 640K, reserved 1048576K
}
Event: 1.047 GC heap after
{Heap after GC invocations=2 (full 0):
 garbage-first heap   total 196608K, used 5583K [0x0000000740000000, 0x0000000800000000)
  region size 1024K, 2 young (2048K), 2 survivors (2048K)
 Metaspace       used 4601K, capacity 5811K, committed 6016K, reserved 1056768K
  class space    used 469K, capacity 598K, committed 640K, reserved 1048576K
}
Event: 1.374 GC heap before
{Heap before GC invocations=2 (full 0):
 garbage-first heap   total 196608K, used 18895K [0x0000000740000000, 0x0000000800000000)
  region size 1024K, 15 young (15360K), 2 survivors (2048K)
 Metaspace       used 7948K, capacity 8286K, committed 8448K, reserved 1056768K
  class space    used 896K, capacity 1007K, committed 1024K, reserved 1048576K
}
Event: 1.378 GC heap after
{Heap after GC invocations=3 (full 0):
 garbage-first heap   total 196608K, used 6588K [0x0000000740000000, 0x0000000800000000)
  region size 1024K, 1 young (1024K), 1 survivors (1024K)
 Metaspace       used 7948K, capacity 8286K, committed 8448K, reserved 1056768K
  class space    used 896K, capacity 1007K, committed 1024K, reserved 1048576K
}
Event: 2.141 GC heap before
{Heap before GC invocations=3 (full 0):
 garbage-first heap   total 196608K, used 68028K [0x0000000740000000, 0x0000000800000000)
  region size 1024K, 61 young (62464K), 1 survivors (1024K)
 Metaspace       used 19055K, capacity 19589K, committed 19840K, reserved 1067008K
  class space    used 2378K, capacity 2573K, committed 2688K, reserved 1048576K
}
Event: 2.146 GC heap after
{Heap after GC invocations=4 (full 0):
 garbage-first heap   total 196608K, used 8755K [0x0000000740000000, 0x0000000800000000)
  region size 1024K, 4 young (4096K), 4 survivors (4096K)
 Metaspace       used 19055K, capacity 19589K, committed 19840K, reserved 1067008K
  class space    used 2378K, capacity 2573K, committed 2688K, reserved 1048576K
}
Event: 2.591 GC heap before
{Heap before GC invocations=4 (full 0):
 garbage-first heap   total 196608K, used 30259K [0x0000000740000000, 0x0000000800000000)
  region size 1024K, 26 young (26624K), 4 survivors (4096K)
 Metaspace       used 20654K, capacity 21188K, committed 21296K, reserved 1069056K
  class space    used 2554K, capacity 2753K, committed 2816K, reserved 1048576K
}
Event: 2.599 GC heap after
{Heap after GC invocations=5 (full 0):
 garbage-first heap   total 236544K, used 9829K [0x0000000740000000, 0x0000000800000000)
  region size 1024K, 5 young (5120K), 5 survivors (5120K)
 Metaspace       used 20654K, capacity 21188K, committed 21296K, reserved 1069056K
  class space    used 2554K, capacity 2753K, committed 2816K, reserved 1048576K
}
Event: 3.034 GC heap before
{Heap before GC invocations=6 (full 0):
 garbage-first heap   total 40960K, used 29285K [0x0000000740000000, 0x0000000800000000)
  region size 1024K, 24 young (24576K), 5 survivors (5120K)
 Metaspace       used 23778K, capacity 24432K, committed 24576K, reserved 1071104K
  class space    used 2962K, capacity 3232K, committed 3328K, reserved 1048576K
}
Event: 3.044 GC heap after
{Heap after GC invocations=7 (full 0):
 garbage-first heap   total 40960K, used 10776K [0x0000000740000000, 0x0000000800000000)
  region size 1024K, 3 young (3072K), 3 survivors (3072K)
 Metaspace       used 23778K, capacity 24432K, committed 24576K, reserved 1071104K
  class space    used 2962K, capacity 3232K, committed 3328K, reserved 1048576K
}
Event: 3.484 GC heap before
{Heap before GC invocations=7 (full 0):
 garbage-first heap   total 40960K, used 29208K [0x0000000740000000, 0x0000000800000000)
  region size 1024K, 21 young (21504K), 3 survivors (3072K)
 Metaspace       used 27212K, capacity 28071K, committed 28416K, reserved 1073152K
  class space    used 3402K, capacity 3739K, committed 3840K, reserved 1048576K
}
Event: 3.492 GC heap after
{Heap after GC invocations=8 (full 0):
 garbage-first heap   total 40960K, used 12504K [0x0000000740000000, 0x0000000800000000)
  region size 1024K, 3 young (3072K), 3 survivors (3072K)
 Metaspace       used 27212K, capacity 28071K, committed 28416K, reserved 1073152K
  class space    used 3402K, capacity 3739K, committed 3840K, reserved 1048576K
}
Event: 3.621 GC heap before
{Heap before GC invocations=8 (full 0):
 garbage-first heap   total 40960K, used 28888K [0x0000000740000000, 0x0000000800000000)
  region size 1024K, 20 young (20480K), 3 survivors (3072K)
 Metaspace       used 28007K, capacity 28798K, committed 28928K, reserved 1075200K
  class space    used 3474K, capacity 3810K, committed 3840K, reserved 1048576K
}
Event: 3.627 GC heap after
{Heap after GC invocations=9 (full 0):
 garbage-first heap   total 40960K, used 13456K [0x0000000740000000, 0x0000000800000000)
  region size 1024K, 1 young (1024K), 1 survivors (1024K)
 Metaspace       used 28007K, capacity 28798K, committed 28928K, reserved 1075200K
  class space    used 3474K, capacity 3810K, committed 3840K, reserved 1048576K
}
Event: 3.996 GC heap before
{Heap before GC invocations=9 (full 0):
 garbage-first heap   total 40960K, used 28816K [0x0000000740000000, 0x0000000800000000)
  region size 1024K, 17 young (17408K), 1 survivors (1024K)
 Metaspace       used 29708K, capacity 30542K, committed 30720K, reserved 1075200K
  class space    used 3684K, capacity 4004K, committed 4096K, reserved 1048576K
}
Event: 4.000 GC heap after
{Heap after GC invocations=10 (full 0):
 garbage-first heap   total 118784K, used 14096K [0x0000000740000000, 0x0000000800000000)
  region size 1024K, 2 young (2048K), 2 survivors (2048K)
 Metaspace       used 29708K, capacity 30542K, committed 30720K, reserved 1075200K
  class space    used 3684K, capacity 4004K, committed 4096K, reserved 1048576K
}
Event: 16.236 GC heap before
{Heap before GC invocations=10 (full 0):
 garbage-first heap   total 118784K, used 50960K [0x0000000740000000, 0x0000000800000000)
  region size 1024K, 39 young (39936K), 2 survivors (2048K)
 Metaspace       used 34867K, capacity 35884K, committed 35920K, reserved 1081344K
  class space    used 4333K, capacity 4733K, committed 4736K, reserved 1048576K
}
Event: 16.246 GC heap after
{Heap after GC invocations=11 (full 0):
 garbage-first heap   total 118784K, used 16341K [0x0000000740000000, 0x0000000800000000)
  region size 1024K, 4 young (4096K), 4 survivors (4096K)
 Metaspace       used 34867K, capacity 35884K, committed 35920K, reserved 1081344K
  class space    used 4333K, capacity 4733K, committed 4736K, reserved 1048576K
}
Event: 30.190 GC heap before
{Heap before GC invocations=12 (full 0):
 garbage-first heap   total 61440K, used 48085K [0x0000000740000000, 0x0000000800000000)
  region size 1024K, 36 young (36864K), 4 survivors (4096K)
 Metaspace       used 40220K, capacity 41243K, committed 41500K, reserved 1085440K
  class space    used 4924K, capacity 5347K, committed 5452K, reserved 1048576K
}
Event: 30.199 GC heap after
{Heap after GC invocations=13 (full 0):
 garbage-first heap   total 61440K, used 19661K [0x0000000740000000, 0x0000000800000000)
  region size 1024K, 5 young (5120K), 5 survivors (5120K)
 Metaspace       used 40220K, capacity 41243K, committed 41500K, reserved 1085440K
  class space    used 4924K, capacity 5347K, committed 5452K, reserved 1048576K
}

Deoptimization events (20 events):
Event: 74.753 Thread 0x0000018f54afa800 DEOPT PACKING pc=0x0000018f39117fa2 sp=0x00000015880feb50
Event: 74.753 Thread 0x0000018f54afa800 DEOPT UNPACKING pc=0x0000018f38b7845e sp=0x00000015880fdfb8 mode 0
Event: 74.753 Thread 0x0000018f54afa800 DEOPT PACKING pc=0x0000018f39117fa2 sp=0x00000015880feb50
Event: 74.753 Thread 0x0000018f54afa800 DEOPT UNPACKING pc=0x0000018f38b7845e sp=0x00000015880fdfb8 mode 0
Event: 74.753 Thread 0x0000018f54afa800 DEOPT PACKING pc=0x0000018f39117fa2 sp=0x00000015880feb50
Event: 74.753 Thread 0x0000018f54afa800 DEOPT UNPACKING pc=0x0000018f38b7845e sp=0x00000015880fdfb8 mode 0
Event: 74.753 Thread 0x0000018f54afa800 DEOPT PACKING pc=0x0000018f39117fa2 sp=0x00000015880feb50
Event: 74.753 Thread 0x0000018f54afa800 DEOPT UNPACKING pc=0x0000018f38b7845e sp=0x00000015880fdfb8 mode 0
Event: 74.753 Thread 0x0000018f54afa800 DEOPT PACKING pc=0x0000018f39117fa2 sp=0x00000015880feb50
Event: 74.753 Thread 0x0000018f54afa800 DEOPT UNPACKING pc=0x0000018f38b7845e sp=0x00000015880fdfb8 mode 0
Event: 74.754 Thread 0x0000018f54afa800 DEOPT PACKING pc=0x0000018f39117fa2 sp=0x00000015880feb50
Event: 74.754 Thread 0x0000018f54afa800 DEOPT UNPACKING pc=0x0000018f38b7845e sp=0x00000015880fdfb8 mode 0
Event: 74.754 Thread 0x0000018f54afa800 DEOPT PACKING pc=0x0000018f39117fa2 sp=0x00000015880feb50
Event: 74.754 Thread 0x0000018f54afa800 DEOPT UNPACKING pc=0x0000018f38b7845e sp=0x00000015880fdfb8 mode 0
Event: 74.754 Thread 0x0000018f54afa800 DEOPT PACKING pc=0x0000018f39117fa2 sp=0x00000015880feb50
Event: 74.754 Thread 0x0000018f54afa800 DEOPT UNPACKING pc=0x0000018f38b7845e sp=0x00000015880fdfb8 mode 0
Event: 74.754 Thread 0x0000018f54afa800 DEOPT PACKING pc=0x0000018f39117fa2 sp=0x00000015880feb50
Event: 74.754 Thread 0x0000018f54afa800 DEOPT UNPACKING pc=0x0000018f38b7845e sp=0x00000015880fdfb8 mode 0
Event: 74.754 Thread 0x0000018f54afa800 DEOPT PACKING pc=0x0000018f39117fa2 sp=0x00000015880feb50
Event: 74.754 Thread 0x0000018f54afa800 DEOPT UNPACKING pc=0x0000018f38b7845e sp=0x00000015880fdfb8 mode 0

Classes unloaded (0 events):
No events

Classes redefined (3 events):
Event: 72.147 Thread 0x0000018f302aa800 redefined class name=com.experian.resultupdation.PCOValidations, count=1
Event: 154.919 Thread 0x0000018f302aa800 redefined class name=com.experian.resultupdation.Constants, count=1
Event: 154.919 Thread 0x0000018f302aa800 redefined class name=com.experian.resultupdation.PCOValidations, count=2

Internal exceptions (20 events):
Event: 4.261 Thread 0x0000018f303d0800 Implicit null exception at 0x0000018f39518e4d to 0x0000018f39519457
Event: 4.261 Thread 0x0000018f303d0800 Exception <a 'java/lang/NullPointerException'{0x00000007467b0738}> (0x00000007467b0738) 
thrown [c:/jenkins/workspace/zulu13-build-win64/zulu-src/src/hotspot/share/runtime/sharedRuntime.cpp, line 585]
Event: 4.261 Thread 0x0000018f303d0800 Implicit null exception at 0x0000018f39518e4d to 0x0000018f39519457
Event: 4.261 Thread 0x0000018f303d0800 Exception <a 'java/lang/NullPointerException'{0x00000007467b1348}> (0x00000007467b1348) 
thrown [c:/jenkins/workspace/zulu13-build-win64/zulu-src/src/hotspot/share/runtime/sharedRuntime.cpp, line 585]
Event: 4.261 Thread 0x0000018f303d0800 Implicit null exception at 0x0000018f39518e4d to 0x0000018f39519457
Event: 4.261 Thread 0x0000018f303d0800 Exception <a 'java/lang/NullPointerException'{0x00000007467b1ee8}> (0x00000007467b1ee8) 
thrown [c:/jenkins/workspace/zulu13-build-win64/zulu-src/src/hotspot/share/runtime/sharedRuntime.cpp, line 585]
Event: 4.261 Thread 0x0000018f303d0800 Implicit null exception at 0x0000018f39518e4d to 0x0000018f39519457
Event: 4.261 Thread 0x0000018f303d0800 Exception <a 'java/lang/NullPointerException'{0x00000007467b2ac8}> (0x00000007467b2ac8) 
thrown [c:/jenkins/workspace/zulu13-build-win64/zulu-src/src/hotspot/share/runtime/sharedRuntime.cpp, line 585]
Event: 4.261 Thread 0x0000018f303d0800 Implicit null exception at 0x0000018f39518e4d to 0x0000018f39519457
Event: 4.261 Thread 0x0000018f303d0800 Exception <a 'java/lang/NullPointerException'{0x00000007467b3bf8}> (0x00000007467b3bf8) 
thrown [c:/jenkins/workspace/zulu13-build-win64/zulu-src/src/hotspot/share/runtime/sharedRuntime.cpp, line 585]
Event: 4.262 Thread 0x0000018f303d0800 Implicit null exception at 0x0000018f39518e4d to 0x0000018f39519457
Event: 4.262 Thread 0x0000018f303d0800 Exception <a 'java/lang/NullPointerException'{0x00000007467b4d20}> (0x00000007467b4d20) 
thrown [c:/jenkins/workspace/zulu13-build-win64/zulu-src/src/hotspot/share/runtime/sharedRuntime.cpp, line 585]
Event: 4.265 Thread 0x0000018f303d0800 Implicit null exception at 0x0000018f407565da to 0x0000018f40756892
Event: 4.334 Thread 0x0000018f303d0800 Exception <a 'java/lang/IncompatibleClassChangeError'{0x0000000746240548}: Found class java.lang.Object, but interface was expected> (0x0000000746240548) 
thrown [c:/jenkins/workspace/zulu13-build-win64/zulu-src/src/hotspot/share/interpreter/linkResolver.cpp, line 833]
Event: 4.526 Thread 0x0000018f303d0800 Exception <a 'java/lang/NoSuchMethodError'{0x0000000745b2df78}: 'java.lang.Object java.lang.invoke.Invokers$Holder.linkToTargetMethod(java.lang.Object, int, java.lang.Object)'> (0x0000000745b2df78) 
thrown [c:/jenkins/workspace/zulu13-build-win64/zulu-src/src/hotspot/share/interpreter/linkResolver.cpp, line 767]
Event: 23.698 Thread 0x0000018f54436000 Implicit null exception at 0x0000018f40621087 to 0x0000018f406216ca
Event: 23.698 Thread 0x0000018f54436000 Implicit null exception at 0x0000018f4063ff07 to 0x0000018f40640572
Event: 30.709 Thread 0x0000018f54436000 Exception <a 'sun/nio/fs/WindowsException'{0x0000000744b703a8}> (0x0000000744b703a8) 
thrown [c:/jenkins/workspace/zulu13-build-win64/zulu-src/src/hotspot/share/prims/jni.cpp, line 598]
Event: 31.763 Thread 0x0000018f54afe800 Implicit null exception at 0x0000018f406bb76d to 0x0000018f406bc5be
Event: 154.986 Thread 0x0000018f51aab800 Exception <a 'java/lang/LinkageError'{0x0000000742e4c208}> (0x0000000742e4c208) 
thrown [c:/jenkins/workspace/zulu13-build-win64/zulu-src/src/hotspot/share/oops/generateOopMap.cpp, line 2140]

Events (20 events):
Event: 154.980 Executing VM operation: ChangeBreakpoints
Event: 154.981 Executing VM operation: ChangeBreakpoints done
Event: 154.981 Executing VM operation: ChangeBreakpoints
Event: 154.982 Executing VM operation: ChangeBreakpoints done
Event: 154.985 Executing VM operation: GetFrameCount
Event: 154.985 Executing VM operation: GetFrameCount done
Event: 154.985 Executing VM operation: GetStackTrace
Event: 154.985 Executing VM operation: GetStackTrace done
Event: 154.985 Executing VM operation: GetFrameCount
Event: 154.985 Executing VM operation: GetFrameCount done
Event: 154.985 Executing VM operation: SetFramePop
Event: 154.986 Executing VM operation: SetFramePop done
Event: 154.986 Executing VM operation: GetFrameLocation
Event: 154.986 Executing VM operation: GetFrameLocation done
Event: 154.986 Executing VM operation: GetCurrentLocation
Event: 154.986 Executing VM operation: GetCurrentLocation done
Event: 154.986 Executing VM operation: ChangeSingleStep
Event: 154.986 Executing VM operation: ChangeSingleStep done
Event: 154.986 Executing VM operation: GetFrameLocation
Event: 154.986 Executing VM operation: GetFrameLocation done


Dynamic libraries:
0x00007ff7e9450000 - 0x00007ff7e945d000 	C:\Program Files\Zulu\zulu-13\bin\javaw.exe
0x00007ff8c0960000 - 0x00007ff8c0b4d000 	C:\WINDOWS\SYSTEM32\ntdll.dll
0x00007ff8bfde0000 - 0x00007ff8bfe93000 	C:\WINDOWS\System32\KERNEL32.DLL
0x00007ff8bd230000 - 0x00007ff8bd4c5000 	C:\WINDOWS\System32\KERNELBASE.dll
0x00007ff8bda10000 - 0x00007ff8bdb0a000 	C:\WINDOWS\System32\ucrtbase.dll
0x00007ff89bd90000 - 0x00007ff89bda8000 	C:\Program Files\Zulu\zulu-13\bin\jli.dll
0x00007ff8983c0000 - 0x00007ff8983d5000 	C:\Program Files\Zulu\zulu-13\bin\VCRUNTIME140.dll
0x00007ff8be400000 - 0x00007ff8be597000 	C:\WINDOWS\System32\USER32.dll
0x00007ff8bd810000 - 0x00007ff8bd830000 	C:\WINDOWS\System32\win32u.dll
0x00007ff8bab30000 - 0x00007ff8bada9000 	C:\WINDOWS\WinSxS\amd64_microsoft.windows.common-controls_6595b64144ccf1df_6.0.17763.1697_none_de7644c45346d6cf\COMCTL32.dll
0x00007ff8be200000 - 0x00007ff8be229000 	C:\WINDOWS\System32\GDI32.dll
0x00007ff8be7a0000 - 0x00007ff8be83e000 	C:\WINDOWS\System32\msvcrt.dll
0x00007ff8bd670000 - 0x00007ff8bd80c000 	C:\WINDOWS\System32\gdi32full.dll
0x00007ff8bdb90000 - 0x00007ff8bdebe000 	C:\WINDOWS\System32\combase.dll
0x00007ff8bd4d0000 - 0x00007ff8bd570000 	C:\WINDOWS\System32\msvcp_win.dll
0x00007ff8c06a0000 - 0x00007ff8c07c0000 	C:\WINDOWS\System32\RPCRT4.dll
0x00007ff8bdb10000 - 0x00007ff8bdb8f000 	C:\WINDOWS\System32\bcryptPrimitives.dll
0x00007ff8c0650000 - 0x00007ff8c067e000 	C:\WINDOWS\System32\IMM32.DLL
0x00007ff8bc820000 - 0x00007ff8bc858000 	C:\Program Files\Citrix\System32\MfApHook64.dll
0x00007ff8bc760000 - 0x00007ff8bc772000 	C:\Program Files\Citrix\IcaService\FullScreenHook64.dll
0x00007ff8be5a0000 - 0x00007ff8be643000 	C:\WINDOWS\System32\ADVAPI32.dll
0x00007ff8bfd40000 - 0x00007ff8bfddf000 	C:\WINDOWS\System32\sechost.dll
0x00007ff866cf0000 - 0x00007ff866d8b000 	C:\Program Files\Zulu\zulu-13\bin\MSVCP140.dll
0x00007ff8bbdf0000 - 0x00007ff8bbe1a000 	C:\Program Files\Citrix\ICAService\ShellHook64.dll
0x00007ff8c0380000 - 0x00007ff8c03d2000 	C:\WINDOWS\System32\SHLWAPI.dll
0x00007ff8bc010000 - 0x00007ff8bc119000 	C:\Program Files\Citrix\IcaService\SCardHook64.dll
0x00007ff8bbff0000 - 0x00007ff8bc010000 	C:\Program Files\Citrix\ICAService\cxinjime64.dll
0x00007ff890df0000 - 0x00007ff890e94000 	C:\Program Files\McAfee\Endpoint Security\Threat Prevention\Ips\EpMPApi.dll
0x00007ff8bca80000 - 0x00007ff8bcad9000 	C:\WINDOWS\System32\WINTRUST.dll
0x00007ff8bca10000 - 0x00007ff8bca22000 	C:\WINDOWS\System32\MSASN1.dll
0x00007ff8bd830000 - 0x00007ff8bda0c000 	C:\WINDOWS\System32\CRYPT32.dll
0x0000000053d20000 - 0x0000000053d2c000 	C:\Program Files\McAfee\Endpoint Security\Threat Prevention\Ips\EpMPThe.dll
0x00007ff856400000 - 0x00007ff856fe8000 	C:\Program Files\Zulu\zulu-13\bin\server\jvm.dll
0x00007ff8be1f0000 - 0x00007ff8be1f8000 	C:\WINDOWS\System32\PSAPI.DLL
0x00007ff8a8cb0000 - 0x00007ff8a8cb9000 	C:\WINDOWS\SYSTEM32\WSOCK32.dll
0x00007ff8be230000 - 0x00007ff8be29d000 	C:\WINDOWS\System32\WS2_32.dll
0x00007ff8b8c40000 - 0x00007ff8b8c64000 	C:\WINDOWS\SYSTEM32\WINMM.dll
0x00007ff8bc610000 - 0x00007ff8bc61a000 	C:\WINDOWS\SYSTEM32\VERSION.dll
0x00007ff8b8c10000 - 0x00007ff8b8c3d000 	C:\WINDOWS\SYSTEM32\WINMMBASE.dll
0x00007ff8bd570000 - 0x00007ff8bd5ba000 	C:\WINDOWS\System32\cfgmgr32.dll
0x00007ff8bc960000 - 0x00007ff8bc971000 	C:\WINDOWS\System32\kernel.appcore.dll
0x00007ff8b8c80000 - 0x00007ff8b8c90000 	C:\Program Files\Zulu\zulu-13\bin\verify.dll
0x00007ff8ba3b0000 - 0x00007ff8ba59d000 	C:\WINDOWS\SYSTEM32\DBGHELP.DLL
0x00007ff8a6250000 - 0x00007ff8a627a000 	C:\WINDOWS\SYSTEM32\dbgcore.DLL
0x00007ff8941a0000 - 0x00007ff8941c6000 	C:\Program Files\Zulu\zulu-13\bin\java.dll
0x00007ff8a99f0000 - 0x00007ff8a9a28000 	C:\Program Files\Zulu\zulu-13\bin\jdwp.dll
0x00007ff8aa270000 - 0x00007ff8aa27e000 	C:\Program Files\Zulu\zulu-13\bin\instrument.dll
0x00007ff8989f0000 - 0x00007ff898a07000 	C:\Program Files\Zulu\zulu-13\bin\zip.dll
0x00007ff8b5580000 - 0x00007ff8b558a000 	C:\Program Files\Zulu\zulu-13\bin\jimage.dll
0x00007ff8be840000 - 0x00007ff8bfd3a000 	C:\WINDOWS\System32\SHELL32.dll
0x00007ff8c05a0000 - 0x00007ff8c0648000 	C:\WINDOWS\System32\shcore.dll
0x00007ff8bcae0000 - 0x00007ff8bd22b000 	C:\WINDOWS\System32\windows.storage.dll
0x00007ff8bc9e0000 - 0x00007ff8bca04000 	C:\WINDOWS\System32\profapi.dll
0x00007ff8bc980000 - 0x00007ff8bc9dd000 	C:\WINDOWS\System32\powrprof.dll
0x00007ff8bca30000 - 0x00007ff8bca47000 	C:\WINDOWS\System32\cryptsp.dll
0x00007ff8aa260000 - 0x00007ff8aa26b000 	C:\Program Files\Zulu\zulu-13\bin\dt_socket.dll
0x00007ff8bb8d0000 - 0x00007ff8bb937000 	C:\WINDOWS\system32\mswsock.dll
0x00007ff8bb630000 - 0x00007ff8bb6f6000 	C:\WINDOWS\SYSTEM32\DNSAPI.dll
0x00007ff8c03e0000 - 0x00007ff8c03e8000 	C:\WINDOWS\System32\NSI.dll
0x00007ff8bb5f0000 - 0x00007ff8bb62d000 	C:\WINDOWS\SYSTEM32\IPHLPAPI.DLL
0x00007ff8afe60000 - 0x00007ff8afe6a000 	C:\Windows\System32\rasadhlp.dll
0x00007ff8b7270000 - 0x00007ff8b72e9000 	C:\WINDOWS\System32\fwpuclnt.dll
0x00007ff8bca50000 - 0x00007ff8bca76000 	C:\WINDOWS\System32\bcrypt.dll
0x00007ff898670000 - 0x00007ff898689000 	C:\Program Files\Zulu\zulu-13\bin\net.dll
0x00007ff8b6370000 - 0x00007ff8b6464000 	C:\WINDOWS\SYSTEM32\WINHTTP.dll
0x00007ff895940000 - 0x00007ff895953000 	C:\Program Files\Zulu\zulu-13\bin\nio.dll
0x00007ff89eef0000 - 0x00007ff89eef9000 	C:\Program Files\Zulu\zulu-13\bin\management.dll
0x00007ff89bdd0000 - 0x00007ff89bddb000 	C:\Program Files\Zulu\zulu-13\bin\management_ext.dll
0x00007ff8a9fd0000 - 0x00007ff8a9fe6000 	C:\WINDOWS\system32\napinsp.dll
0x00007ff8aa1a0000 - 0x00007ff8aa1ba000 	C:\WINDOWS\system32\pnrpnsp.dll
0x00007ff8aa1d0000 - 0x00007ff8aa1de000 	C:\WINDOWS\System32\winrnr.dll
0x00007ff8b8170000 - 0x00007ff8b818b000 	C:\WINDOWS\system32\NLAapi.dll
0x00007ff8aa1e0000 - 0x00007ff8aa1f5000 	C:\WINDOWS\system32\wshbth.dll
0x00007ff8bb200000 - 0x00007ff8bb233000 	C:\WINDOWS\system32\rsaenh.dll
0x00007ff8bc860000 - 0x00007ff8bc889000 	C:\WINDOWS\SYSTEM32\USERENV.dll
0x00007ff8bbaa0000 - 0x00007ff8bbaac000 	C:\WINDOWS\SYSTEM32\CRYPTBASE.dll
0x00007ff8b69a0000 - 0x00007ff8b69b6000 	C:\WINDOWS\SYSTEM32\dhcpcsvc6.DLL
0x00007ff8b6710000 - 0x00007ff8b672c000 	C:\WINDOWS\SYSTEM32\dhcpcsvc.DLL
0x00007ff89cc80000 - 0x00007ff89cca5000 	C:\Program Files\Zulu\zulu-13\bin\sunec.dll
0x00007ff8b5480000 - 0x00007ff8b548e000 	C:\Program Files\Zulu\zulu-13\bin\sunmscapi.dll
0x00007ff8bbc00000 - 0x00007ff8bbc26000 	C:\WINDOWS\SYSTEM32\ncrypt.dll
0x00007ff8bbbc0000 - 0x00007ff8bbbfc000 	C:\WINDOWS\SYSTEM32\NTASN1.dll

dbghelp: loaded successfully - version: 4.0.5 - missing functions: none
symbol engine: initialized successfully - sym options: 0x614 - pdb path: .;C:\Program Files\Zulu\zulu-13\bin;C:\WINDOWS\SYSTEM32;C:\WINDOWS\WinSxS\amd64_microsoft.windows.common-controls_6595b64144ccf1df_6.0.17763.1697_none_de7644c45346d6cf;C:\Program Files\Citrix\System32;C:\Program Files\Citrix\IcaService;C:\Program Files\McAfee\Endpoint Security\Threat Prevention\Ips;C:\Program Files\Zulu\zulu-13\bin\server

VM Arguments:
jvm_args: -agentlib:jdwp=transport=dt_socket,suspend=y,address=localhost:63427 -javaagent:C:\Work\Softwares\eclipse-jee-2019-06-R-win32-x86_64\eclipse\configuration\org.eclipse.osgi\411\0\.cp\lib\javaagent-shaded.jar -Dfile.encoding=UTF-8 
java_command: com.experian.resultupdation.ResultUpdationProjectApplication
java_class_path (initial): C:\Work\Backup-RTP\RTP_Automation_FrameworkMx_Server\RTP_Automation_FrameworkMx_Server\MxResultUpdate\target\classes;C:\Users\C51575A\.m2\repository\org\springframework\boot\spring-boot-starter-data-jdbc\2.2.6.RELEASE\spring-boot-starter-data-jdbc-2.2.6.RELEASE.jar;C:\Users\C51575A\.m2\repository\org\springframework\boot\spring-boot-starter-jdbc\2.2.6.RELEASE\spring-boot-starter-jdbc-2.2.6.RELEASE.jar;C:\Users\C51575A\.m2\repository\com\zaxxer\HikariCP\3.4.2\HikariCP-3.4.2.jar;C:\Users\C51575A\.m2\repository\org\springframework\spring-jdbc\5.2.5.RELEASE\spring-jdbc-5.2.5.RELEASE.jar;C:\Users\C51575A\.m2\repository\org\springframework\data\spring-data-jdbc\1.1.6.RELEASE\spring-data-jdbc-1.1.6.RELEASE.jar;C:\Users\C51575A\.m2\repository\org\springframework\data\spring-data-relational\1.1.6.RELEASE\spring-data-relational-1.1.6.RELEASE.jar;C:\Users\C51575A\.m2\repository\org\springframework\data\spring-data-commons\2.2.6.RELEASE\spring-data-commons-2.2.6.RELEASE.jar;C:\Users\C51575A\.m2\repository\org\springframework\spring-tx\5.2.5.RELEASE\spring-tx-5.2.5.RELEASE.jar;C:\Users\C51575A\.m2\repository\org\springframework\spring-context\5.2.5.RELEASE\spring-context-5.2.5.RELEASE.jar;C:\Users\C51575A\.m2\repository\org\springframework\spring-beans\5.2.5.RELEASE\spring-beans-5.2.5.RELEASE.jar;C:\Users\C51575A\.m2\repository\org\springframework\boot\spring-boot-starter-web\2.2.6.RELEASE\spring-boot-starter-web-2.2.6.RELEASE.jar;C:\Users\C51575A\.m2\repository\org\springframework\boot\spring-boot-starter\2.2.6.RELEASE\spring-boot-starter-2.2.6.RELEASE.jar;C:\Users\C51575A\.m2\repository\org\springframework\boot\spring-boot\2.2.6.RELEASE\spring-boot-2.2.6.RELEASE.jar;C:\Users\C51575A\.m2\repository\org\springframework\boot\spring-boot-autoconfigure\2.2.6.RELEASE\spring-boot-autoconfigure-2.2.6.RELEASE.jar;C:\Users\C51575A\.m2\repository\org\springframework\boot\spring-boot-starter-logging\2.2.6.RELEASE\spring-boot-starter-logging-2.2.6.RELEASE.jar;C
Launcher Type: SUN_STANDARD

[Global flags]
     intx CICompilerCount                          = 2                                         {product} {ergonomic}
     uint ConcGCThreads                            = 1                                         {product} {ergonomic}
     uint G1ConcRefinementThreads                  = 3                                         {product} {ergonomic}
   size_t G1HeapRegionSize                         = 1048576                                   {product} {ergonomic}
    uintx GCDrainStackTargetSize                   = 64                                        {product} {ergonomic}
   size_t InitialHeapSize                          = 201326592                                 {product} {ergonomic}
   size_t MarkStackSize                            = 4194304                                   {product} {ergonomic}
   size_t MaxHeapSize                              = 3221225472                                {product} {ergonomic}
   size_t MaxNewSize                               = 1932525568                                {product} {ergonomic}
   size_t MinHeapDeltaBytes                        = 1048576                                   {product} {ergonomic}
   size_t MinHeapSize                              = 8388608                                   {product} {ergonomic}
    uintx NonNMethodCodeHeapSize                   = 5826188                                {pd product} {ergonomic}
    uintx NonProfiledCodeHeapSize                  = 122916026                              {pd product} {ergonomic}
    uintx ProfiledCodeHeapSize                     = 122916026                              {pd product} {ergonomic}
    uintx ReservedCodeCacheSize                    = 251658240                              {pd product} {ergonomic}
     bool SegmentedCodeCache                       = true                                      {product} {ergonomic}
   size_t SoftMaxHeapSize                          = 3221225472                             {manageable} {ergonomic}
     bool UseCompressedClassPointers               = true                                 {lp64_product} {ergonomic}
     bool UseCompressedOops                        = true                                 {lp64_product} {ergonomic}
     bool UseG1GC                                  = true                                      {product} {ergonomic}
     bool UseLargePagesIndividualAllocation        = false                                  {pd product} {ergonomic}

Logging:
Log output configuration:
 #0: stdout all=warning uptime,level,tags
 #1: stderr all=off uptime,level,tags

Environment Variables:
JAVA_HOME=C:\Program Files\Zulu\zulu-13\bin
PATH=C:/Program Files/Zulu/zulu-13/bin/server;C:/Program Files/Zulu/zulu-13/bin;C:\WINDOWS;C:\WINDOWS\System32;C:\WINDOWS\System32\WBEM;C:\WINDOWS\SYSTEM32\WINDOWSPOWERSHELL\V1.0\;C:\WINDOWS\SYSTEM32\OPENSSH\;C:\Program Files\Citrix\System32;C:\Program Files\Citrix\ICAService;C:\Program Files\Zulu\zulu-13\bin;C:\Program Files\MySQL\MySQL Utilities 1.6;C:\Program Files (x86)\Microsoft SQL Server\150\DTS\Binn\;C:\Program Files\TortoiseGit\bin;C:\Program Files\dotnet;C:\Program Files\Git\cmd;C:\Program Files\Azure Data Studio\bin;"C:\Users\C51575A\AppData\Local\Microsoft\WindowsApps;C:\Program Files\Git\bin\;C:\Users\C51575A\Desktop\oc;";;C:\Work\Softwares\eclipse-jee-2019-06-R-win32-x86_64\eclipse;
USERNAME=C51575A
OS=Windows_NT
PROCESSOR_IDENTIFIER=Intel64 Family 6 Model 85 Stepping 7, GenuineIntel



---------------  S Y S T E M  ---------------

OS: Windows 10 , 64 bit Build 17763 (10.0.17763.475)
VMWare virtualization detected

CPU:total 3 (initial active 3) (3 cores per cpu, 1 threads per core) family 6 model 85 stepping 7, cmov, cx8, fxsr, mmx, sse, sse2, sse3, ssse3, sse4.1, sse4.2, popcnt, avx, avx2, aes, clmul, erms, rtm, 3dnowpref, lzcnt, tsc, tscinvbit, bmi1, bmi2, adx, evex, fma

Memory: 4k page, system-wide physical 12286M (1700M free)
TotalPageFile size 29189M (AvailPageFile size 5452M)
current process WorkingSet (physical memory assigned to process): 176M, peak: 214M
current process commit charge ("private bytes"): 207M, peak: 359M

vm_info: OpenJDK 64-Bit Server VM (13.0.2+6-MTS) for windows-amd64 JRE (13.0.2+6-MTS) (Zulu13.29+9-CA), built on Jan  8 2020 04:49:51 by "zulu_re" with MS VC++ 15.9 (VS2017)

END.
